Using pre-set license
Built from '2022.1/staging' branch; Version is '2022.1.14f1 (ff7e140968b4) revision 16743956'; Using compiler version '192829333'; Build Type 'Release'
OS: 'Windows 10  (10.0.19044) 64bit Core' Language: 'en' Physical Memory: 16253 MB
BatchMode: 1, IsHumanControllingUs: 0, StartBugReporterOnCrash: 0, Is64bit: 1, IsPro: 1

COMMAND LINE ARGUMENTS:
C:\Program Files\Unity\Hub\Editor\2022.1.14f1\Editor\Unity.exe
-adb2
-batchMode
-noUpm
-name
AssetImportWorker0
-projectPath
D:/Folders/EducationalGames/vrkottabos/KottabosVR
-logFile
Logs/AssetImportWorker0.log
-srvPort
58218
Successfully changed project path to: D:/Folders/EducationalGames/vrkottabos/KottabosVR
D:/Folders/EducationalGames/vrkottabos/KottabosVR
[UnityMemory] Configuration Parameters - Can be set up in boot.config
    "memorysetup-bucket-allocator-granularity=16"
    "memorysetup-bucket-allocator-bucket-count=8"
    "memorysetup-bucket-allocator-block-size=33554432"
    "memorysetup-bucket-allocator-block-count=8"
    "memorysetup-main-allocator-block-size=16777216"
    "memorysetup-thread-allocator-block-size=16777216"
    "memorysetup-gfx-main-allocator-block-size=16777216"
    "memorysetup-gfx-thread-allocator-block-size=16777216"
    "memorysetup-cache-allocator-block-size=4194304"
    "memorysetup-typetree-allocator-block-size=2097152"
    "memorysetup-profiler-bucket-allocator-granularity=16"
    "memorysetup-profiler-bucket-allocator-bucket-count=8"
    "memorysetup-profiler-bucket-allocator-block-size=33554432"
    "memorysetup-profiler-bucket-allocator-block-count=8"
    "memorysetup-profiler-allocator-block-size=16777216"
    "memorysetup-profiler-editor-allocator-block-size=1048576"
    "memorysetup-temp-allocator-size-main=16777216"
    "memorysetup-job-temp-allocator-block-size=2097152"
    "memorysetup-job-temp-allocator-block-size-background=1048576"
    "memorysetup-job-temp-allocator-reduction-small-platforms=262144"
    "memorysetup-temp-allocator-size-background-worker=32768"
    "memorysetup-temp-allocator-size-job-worker=262144"
    "memorysetup-temp-allocator-size-preload-manager=33554432"
    "memorysetup-temp-allocator-size-nav-mesh-worker=65536"
    "memorysetup-temp-allocator-size-audio-worker=65536"
    "memorysetup-temp-allocator-size-cloud-worker=32768"
    "memorysetup-temp-allocator-size-gi-baking-worker=262144"
    "memorysetup-temp-allocator-size-gfx=262144"
Refreshing native plugins compatible for Editor in 101.74 ms, found 11 plugins.
Preloading 1 native plugins for Editor in 0.78 ms.
Initialize engine version: 2022.1.14f1 (ff7e140968b4)
[Subsystems] Discovering subsystems at path C:/Program Files/Unity/Hub/Editor/2022.1.14f1/Editor/Data/Resources/UnitySubsystems
[Subsystems] Discovering subsystems at path D:/Folders/EducationalGames/vrkottabos/KottabosVR/Assets
GfxDevice: creating device client; threaded=0; jobified=0
Direct3D:
    Version:  Direct3D 11.0 [level 11.1]
    Renderer: NVIDIA GeForce RTX 3060 (ID=0x2487)
    Vendor:   NVIDIA
    VRAM:     12137 MB
    Driver:   30.0.15.1215
Initialize mono
Mono path[0] = 'C:/Program Files/Unity/Hub/Editor/2022.1.14f1/Editor/Data/Managed'
Mono path[1] = 'C:/Program Files/Unity/Hub/Editor/2022.1.14f1/Editor/Data/MonoBleedingEdge/lib/mono/unityjit-win32'
Mono config path = 'C:/Program Files/Unity/Hub/Editor/2022.1.14f1/Editor/Data/MonoBleedingEdge/etc'
Using monoOptions --debugger-agent=transport=dt_socket,embedding=1,server=y,suspend=n,address=127.0.0.1:56100
Begin MonoManager ReloadAssembly
Registering precompiled unity dll's ...
Register platform support module: C:/Program Files/Unity/Hub/Editor/2022.1.14f1/Editor/Data/PlaybackEngines/iOSSupport/UnityEditor.iOS.Extensions.dll
Register platform support module: C:/Program Files/Unity/Hub/Editor/2022.1.14f1/Editor/Data/PlaybackEngines/WindowsStandaloneSupport/UnityEditor.WindowsStandalone.Extensions.dll
Registered in 0.008052 seconds.
Native extension for WindowsStandalone target not found
[usbmuxd] Start listen thread
[usbmuxd] Listen thread started
[usbmuxd] Send listen message
[usbmuxd] Attached: 4 00008020-001065593A28402E
Native extension for iOS target not found
Refreshing native plugins compatible for Editor in 86.92 ms, found 11 plugins.
Preloading 1 native plugins for Editor in 0.05 ms.
Mono: successfully reloaded assembly
- Completed reload, in  0.651 seconds
Domain Reload Profiling:
	ReloadAssembly (652ms)
		BeginReloadAssembly (74ms)
			ExecutionOrderSort (0ms)
			DisableScriptedObjects (0ms)
			BackupInstance (0ms)
			ReleaseScriptingObjects (0ms)
			CreateAndSetChildDomain (1ms)
		EndReloadAssembly (469ms)
			LoadAssemblies (70ms)
			RebuildTransferFunctionScriptingTraits (0ms)
			SetupTypeCache (111ms)
				TypeCache.Initialize (110ms)
					TypeCache.ScanAssembly (109ms)
				ResolveRequiredComponents (0ms)
			ReleaseScriptCaches (0ms)
			RebuildScriptCaches (29ms)
			SetupLoadedEditorAssemblies (278ms)
				LogAssemblyErrors (0ms)
				InitializePlatformSupportModulesInManaged (24ms)
				SetLoadedEditorAssemblies (7ms)
				RefreshPlugins (87ms)
				BeforeProcessingInitializeOnLoad (1ms)
				ProcessInitializeOnLoadAttributes (119ms)
				ProcessInitializeOnLoadMethodAttributes (40ms)
				AfterProcessingInitializeOnLoad (0ms)
				EditorAssembliesLoaded (0ms)
			ExecutionOrderSort2 (0ms)
			AwakeInstancesAfterBackupRestoration (0ms)
Platform modules already initialized, skipping
Registering precompiled user dll's ...
Registered in 0.007392 seconds.
Begin MonoManager ReloadAssembly
Symbol file LoadedFromMemory doesn't match image D:\Folders\EducationalGames\vrkottabos\KottabosVR\Library\PackageCache\com.unity.visualscripting@1.7.8\Editor\VisualScripting.Core\Dependencies\DotNetZip\Unity.VisualScripting.IonicZip.dll
Symbol file LoadedFromMemory doesn't match image D:\Folders\EducationalGames\vrkottabos\KottabosVR\Library\PackageCache\com.unity.visualscripting@1.7.8\Editor\VisualScripting.Core\Dependencies\YamlDotNet\Unity.VisualScripting.YamlDotNet.dll
Native extension for WindowsStandalone target not found
Native extension for iOS target not found
Refreshing native plugins compatible for Editor in 86.13 ms, found 11 plugins.
Preloading 1 native plugins for Editor in 0.05 ms.
Package Manager log level set to [2]
[Package Manager] Server::EnsureServerProcessIsRunning -- launch failed, reason: Unity was launched with the -noUpm command-line argument
[Package Manager] UpmClient::Send -- Unable to send message (not connected to UPM process).
[Package Manager] Cannot connect to Unity Package Manager local server
System.Reflection.TargetInvocationException: Exception has been thrown by the target of an invocation. ---> System.NullReferenceException: Object reference not set to an instance of an object
  at Unity.XR.Oculus.OculusLoader.AssetPathToAbsolutePath (System.String assetPath) [0x0003d] in D:\Folders\EducationalGames\vrkottabos\KottabosVR\Library\PackageCache\com.unity.xr.oculus@3.0.2\Runtime\OculusLoader.cs:271 
  at Unity.XR.Oculus.OculusLoader.EditorLoadOVRPlugin () [0x0007b] in D:\Folders\EducationalGames\vrkottabos\KottabosVR\Library\PackageCache\com.unity.xr.oculus@3.0.2\Runtime\OculusLoader.cs:256 
  at (wrapper managed-to-native) System.Reflection.RuntimeMethodInfo.InternalInvoke(System.Reflection.RuntimeMethodInfo,object,object[],System.Exception&)
  at System.Reflection.RuntimeMethodInfo.Invoke (System.Object obj, System.Reflection.BindingFlags invokeAttr, System.Reflection.Binder binder, System.Object[] parameters, System.Globalization.CultureInfo culture) [0x0006a] in <f3aec01a34d14c7080754e28743c8472>:0 
   --- End of inner exception stack trace ---
  at System.Reflection.RuntimeMethodInfo.Invoke (System.Object obj, System.Reflection.BindingFlags invokeAttr, System.Reflection.Binder binder, System.Object[] parameters, System.Globalization.CultureInfo culture) [0x00083] in <f3aec01a34d14c7080754e28743c8472>:0 
  at System.Reflection.MethodBase.Invoke (System.Object obj, System.Object[] parameters) [0x00000] in <f3aec01a34d14c7080754e28743c8472>:0 
  at UnityEditor.EditorAssemblies.ProcessInitializeOnLoadMethodAttributes () [0x000a5] in <f90799373c314538a0c910377078306d>:0 
UnityEngine.StackTraceUtility:ExtractStackTrace ()
UnityEngine.DebugLogHandler:LogFormat (UnityEngine.LogType,UnityEngine.Object,string,object[])
UnityEngine.Logger:Log (UnityEngine.LogType,object)
UnityEngine.Debug:LogError (object)
UnityEditor.EditorAssemblies:ProcessInitializeOnLoadMethodAttributes ()

Mono: successfully reloaded assembly
[Package Manager] Server::EnsureServerProcessIsRunning -- launch failed, reason: Unity was launched with the -noUpm command-line argument
[Package Manager] UpmClient::Send -- Unable to send message (not connected to UPM process).
[Package Manager] Cannot connect to Unity Package Manager local server
[Package Manager] Server::EnsureServerProcessIsRunning -- launch failed, reason: Unity was launched with the -noUpm command-line argument
[Package Manager] UpmClient::Send -- Unable to send message (not connected to UPM process).
[Package Manager] Cannot connect to Unity Package Manager local server
- Completed reload, in  1.246 seconds
Domain Reload Profiling:
	ReloadAssembly (1247ms)
		BeginReloadAssembly (109ms)
			ExecutionOrderSort (0ms)
			DisableScriptedObjects (5ms)
			BackupInstance (0ms)
			ReleaseScriptingObjects (0ms)
			CreateAndSetChildDomain (18ms)
		EndReloadAssembly (1019ms)
			LoadAssemblies (82ms)
			RebuildTransferFunctionScriptingTraits (0ms)
			SetupTypeCache (292ms)
				TypeCache.Initialize (287ms)
					TypeCache.ScanAssembly (283ms)
				ResolveRequiredComponents (5ms)
			ReleaseScriptCaches (1ms)
			RebuildScriptCaches (57ms)
			SetupLoadedEditorAssemblies (538ms)
				LogAssemblyErrors (0ms)
				InitializePlatformSupportModulesInManaged (19ms)
				SetLoadedEditorAssemblies (6ms)
				RefreshPlugins (86ms)
				BeforeProcessingInitializeOnLoad (102ms)
				ProcessInitializeOnLoadAttributes (271ms)
				ProcessInitializeOnLoadMethodAttributes (44ms)
				AfterProcessingInitializeOnLoad (8ms)
				EditorAssembliesLoaded (0ms)
			ExecutionOrderSort2 (0ms)
			AwakeInstancesAfterBackupRestoration (5ms)
Platform modules already initialized, skipping
========================================================================
Worker process is ready to serve import requests
Launched and connected shader compiler UnityShaderCompiler.exe after 0.03 seconds
Refreshing native plugins compatible for Editor in 0.99 ms, found 11 plugins.
Preloading 1 native plugins for Editor in 0.05 ms.
Unloading 4243 Unused Serialized files (Serialized files now loaded: 0)
Unloading 48 unused Assets / (59.2 KB). Loaded Objects now: 4688.
Memory consumption went from 0.63 GB to 0.63 GB.
Total: 3.305500 ms (FindLiveObjects: 0.351000 ms CreateObjectMapping: 0.312800 ms MarkObjects: 2.560700 ms  DeleteObjects: 0.080000 ms)

AssetImportParameters requested are different than current active one (requested -> active):
  custom:video-decoder-ogg-theora: a1e56fd34408186e4bbccfd4996cb3dc -> 
  custom:container-muxer-webm: aa71ff27fc2769a1b78a27578f13a17b -> 
  custom:container-demuxer-webm: 4f35f7cbe854078d1ac9338744f61a02 -> 
  custom:video-encoder-webm-vp8: eb34c28f22e8b96e1ab97ce403110664 -> 
  custom:audio-encoder-webm-vorbis: bf7c407c2cedff20999df2af8eb42d56 -> 
  custom:framework-win-MediaFoundation: 216162199b28c13a410421893ffa2e32 -> 
  custom:container-demuxer-ogg: 62fdf1f143b41e24485cea50d1cbac27 -> 
  custom:video-decoder-webm-vp8: 9c59270c3fd7afecdb556c50c9e8de78 -> 
  custom:audio-decoder-ogg-vorbis: bf7c407c2cedff20999df2af8eb42d56 -> 
========================================================================
Received Import Request.
  Time since last request: 525335.862267 seconds.
  path: Assets/Scenes
  artifactKey: Guid(caf0e65f0f6938a43aadcfa6ab23308f) Importer(815301076,1909f56bfc062723c751e8b465ee728b)
Start importing Assets/Scenes using Guid(caf0e65f0f6938a43aadcfa6ab23308f) Importer(815301076,1909f56bfc062723c751e8b465ee728b)  -> (artifact id: '9ce4249a7611ccdd04cc4664036bbfd2') in 0.007473 seconds 
========================================================================
Received Import Request.
  Time since last request: 22.601912 seconds.
  path: Assets/Scenes/KottabosLevel1.unity
  artifactKey: Guid(b36d3615bcf937c42b4e57c9ed372e80) Importer(815301076,1909f56bfc062723c751e8b465ee728b)
Start importing Assets/Scenes/KottabosLevel1.unity using Guid(b36d3615bcf937c42b4e57c9ed372e80) Importer(815301076,1909f56bfc062723c751e8b465ee728b)  -> (artifact id: 'a860ff922207df0037ef28f15534e3ec') in 0.006683 seconds 
========================================================================
Received Import Request.
  Time since last request: 34.633360 seconds.
  path: Assets/Scenes/SampleScene.unity
  artifactKey: Guid(9fc0d4010bbf28b4594072e72b8655ab) Importer(815301076,1909f56bfc062723c751e8b465ee728b)
Start importing Assets/Scenes/SampleScene.unity using Guid(9fc0d4010bbf28b4594072e72b8655ab) Importer(815301076,1909f56bfc062723c751e8b465ee728b)  -> (artifact id: '45250d7bd3be86daf1c667aff8797418') in 0.751851 seconds 
========================================================================
Received Import Request.
  Time since last request: 10.223478 seconds.
  path: Assets/Scenes/KottabosLevel1.unity
  artifactKey: Guid(b36d3615bcf937c42b4e57c9ed372e80) Importer(815301076,1909f56bfc062723c751e8b465ee728b)
Start importing Assets/Scenes/KottabosLevel1.unity using Guid(b36d3615bcf937c42b4e57c9ed372e80) Importer(815301076,1909f56bfc062723c751e8b465ee728b)  -> (artifact id: '339b348bf4343f01b936db7cccb26bb0') in 0.005219 seconds 
========================================================================
Received Import Request.
  Time since last request: 956.296459 seconds.
  path: Assets/Scenes/Kottaboas_Stand_Base.fbx
  artifactKey: Guid(898d60436bf94c54b9ebc2e9019282fe) Importer(815301076,1909f56bfc062723c751e8b465ee728b)
Start importing Assets/Scenes/Kottaboas_Stand_Base.fbx using Guid(898d60436bf94c54b9ebc2e9019282fe) Importer(815301076,1909f56bfc062723c751e8b465ee728b)  -> (artifact id: '2a95dba4fa192168ba1e249bfb8b6e52') in 0.151531 seconds 
========================================================================
Received Import Request.
  Time since last request: 65.825917 seconds.
  path: Assets/Scenes/Models
  artifactKey: Guid(a4b5ce4eddec0ff46a5758dddcd11b04) Importer(815301076,1909f56bfc062723c751e8b465ee728b)
Start importing Assets/Scenes/Models using Guid(a4b5ce4eddec0ff46a5758dddcd11b04) Importer(815301076,1909f56bfc062723c751e8b465ee728b)  -> (artifact id: 'c3f57680ea96a020dcd56cf46031c9fe') in 0.007121 seconds 
========================================================================
Received Import Request.
  Time since last request: 10.652551 seconds.
  path: Assets/Scenes/Models/Kottaboas_Stand_Pole.fbx
  artifactKey: Guid(7a340d00cd4f5524a99554eea09dcf11) Importer(815301076,1909f56bfc062723c751e8b465ee728b)
Start importing Assets/Scenes/Models/Kottaboas_Stand_Pole.fbx using Guid(7a340d00cd4f5524a99554eea09dcf11) Importer(815301076,1909f56bfc062723c751e8b465ee728b)  -> (artifact id: 'e20b65906c8c89a790e641bc5340fead') in 0.860122 seconds 
========================================================================
Received Import Request.
  Time since last request: 128.139499 seconds.
  path: Assets/Scenes/Models/1974.16 Kottabos Element of a Dancing Satyr 100K_colour.png
  artifactKey: Guid(f7db0043166a95844b3dcfd6a08be43f) Importer(815301076,1909f56bfc062723c751e8b465ee728b)
Start importing Assets/Scenes/Models/1974.16 Kottabos Element of a Dancing Satyr 100K_colour.png using Guid(f7db0043166a95844b3dcfd6a08be43f) Importer(815301076,1909f56bfc062723c751e8b465ee728b)  -> (artifact id: '8447b5bfef0c31d95100715f6d864c54') in 0.172619 seconds 
========================================================================
Received Import Request.
  Time since last request: 0.000021 seconds.
  path: Assets/Scenes/Models/1974.16_Kottabos_Element_of_a_Dancing_Satyr_100K_ao.png
  artifactKey: Guid(288056e2fe9a29f488bdc91780bca7b7) Importer(815301076,1909f56bfc062723c751e8b465ee728b)
Start importing Assets/Scenes/Models/1974.16_Kottabos_Element_of_a_Dancing_Satyr_100K_ao.png using Guid(288056e2fe9a29f488bdc91780bca7b7) Importer(815301076,1909f56bfc062723c751e8b465ee728b)  -> (artifact id: '4d722a15aa313c092e6b8b1b27815049') in 0.039471 seconds 
========================================================================
Received Import Request.
  Time since last request: 1665.562112 seconds.
  path: Assets/Scenes/Models/drinking_cup.fbx
  artifactKey: Guid(c857a4b650b810f44947d7fd2caf3644) Importer(815301076,1909f56bfc062723c751e8b465ee728b)
Start importing Assets/Scenes/Models/drinking_cup.fbx using Guid(c857a4b650b810f44947d7fd2caf3644) Importer(815301076,1909f56bfc062723c751e8b465ee728b)  -> (artifact id: '3e35d1760f18e45cdbf4ade9de6da80a') in 0.216472 seconds 
========================================================================
Received Import Request.
  Time since last request: 0.000026 seconds.
  path: Assets/Scenes/Models/Lekane_Roughness.png
  artifactKey: Guid(a6ef981a2c5d7fd43adc9a2cf4599e57) Importer(815301076,1909f56bfc062723c751e8b465ee728b)
Start importing Assets/Scenes/Models/Lekane_Roughness.png using Guid(a6ef981a2c5d7fd43adc9a2cf4599e57) Importer(815301076,1909f56bfc062723c751e8b465ee728b)  -> (artifact id: '4bc3cdb15e23b59cbc627b4d26f33bb3') in 0.027333 seconds 
========================================================================
Received Import Request.
  Time since last request: 0.000024 seconds.
  path: Assets/Scenes/Models/Lekane_Texture.png
  artifactKey: Guid(59014e195ca64c14d9272e44f8709352) Importer(815301076,1909f56bfc062723c751e8b465ee728b)
Start importing Assets/Scenes/Models/Lekane_Texture.png using Guid(59014e195ca64c14d9272e44f8709352) Importer(815301076,1909f56bfc062723c751e8b465ee728b)  -> (artifact id: 'd0b3e64d2692916d20820f0d399637ce') in 0.024617 seconds 
Editor requested this worker to shutdown with reason: Scaling down because of idle timeout
AssetImportWorker is now disconnected from the server
Process exiting
Exiting without the bug reporter. Application will terminate with return code 0