Using pre-set license
Built from '2022.1/staging' branch; Version is '2022.1.14f1 (ff7e140968b4) revision 16743956'; Using compiler version '192829333'; Build Type 'Release'
OS: 'Windows 10  (10.0.19044) 64bit Core' Language: 'en' Physical Memory: 16253 MB
BatchMode: 1, IsHumanControllingUs: 0, StartBugReporterOnCrash: 0, Is64bit: 1, IsPro: 1

COMMAND LINE ARGUMENTS:
C:\Program Files\Unity\Hub\Editor\2022.1.14f1\Editor\Unity.exe
-adb2
-batchMode
-noUpm
-name
AssetImportWorker0
-projectPath
D:/Folders/EducationalGames/vrkottabos/KottabosVR
-logFile
Logs/AssetImportWorker0.log
-srvPort
51535
Successfully changed project path to: D:/Folders/EducationalGames/vrkottabos/KottabosVR
D:/Folders/EducationalGames/vrkottabos/KottabosVR
[UnityMemory] Configuration Parameters - Can be set up in boot.config
    "memorysetup-bucket-allocator-granularity=16"
    "memorysetup-bucket-allocator-bucket-count=8"
    "memorysetup-bucket-allocator-block-size=33554432"
    "memorysetup-bucket-allocator-block-count=8"
    "memorysetup-main-allocator-block-size=16777216"
    "memorysetup-thread-allocator-block-size=16777216"
    "memorysetup-gfx-main-allocator-block-size=16777216"
    "memorysetup-gfx-thread-allocator-block-size=16777216"
    "memorysetup-cache-allocator-block-size=4194304"
    "memorysetup-typetree-allocator-block-size=2097152"
    "memorysetup-profiler-bucket-allocator-granularity=16"
    "memorysetup-profiler-bucket-allocator-bucket-count=8"
    "memorysetup-profiler-bucket-allocator-block-size=33554432"
    "memorysetup-profiler-bucket-allocator-block-count=8"
    "memorysetup-profiler-allocator-block-size=16777216"
    "memorysetup-profiler-editor-allocator-block-size=1048576"
    "memorysetup-temp-allocator-size-main=16777216"
    "memorysetup-job-temp-allocator-block-size=2097152"
    "memorysetup-job-temp-allocator-block-size-background=1048576"
    "memorysetup-job-temp-allocator-reduction-small-platforms=262144"
    "memorysetup-temp-allocator-size-background-worker=32768"
    "memorysetup-temp-allocator-size-job-worker=262144"
    "memorysetup-temp-allocator-size-preload-manager=33554432"
    "memorysetup-temp-allocator-size-nav-mesh-worker=65536"
    "memorysetup-temp-allocator-size-audio-worker=65536"
    "memorysetup-temp-allocator-size-cloud-worker=32768"
    "memorysetup-temp-allocator-size-gi-baking-worker=262144"
    "memorysetup-temp-allocator-size-gfx=262144"
Refreshing native plugins compatible for Editor in 98.45 ms, found 11 plugins.
Preloading 1 native plugins for Editor in 0.77 ms.
Initialize engine version: 2022.1.14f1 (ff7e140968b4)
[Subsystems] Discovering subsystems at path C:/Program Files/Unity/Hub/Editor/2022.1.14f1/Editor/Data/Resources/UnitySubsystems
[Subsystems] Discovering subsystems at path D:/Folders/EducationalGames/vrkottabos/KottabosVR/Assets
GfxDevice: creating device client; threaded=0; jobified=0
Direct3D:
    Version:  Direct3D 11.0 [level 11.1]
    Renderer: NVIDIA GeForce RTX 3060 (ID=0x2487)
    Vendor:   NVIDIA
    VRAM:     12137 MB
    Driver:   30.0.15.1215
Initialize mono
Mono path[0] = 'C:/Program Files/Unity/Hub/Editor/2022.1.14f1/Editor/Data/Managed'
Mono path[1] = 'C:/Program Files/Unity/Hub/Editor/2022.1.14f1/Editor/Data/MonoBleedingEdge/lib/mono/unityjit-win32'
Mono config path = 'C:/Program Files/Unity/Hub/Editor/2022.1.14f1/Editor/Data/MonoBleedingEdge/etc'
Using monoOptions --debugger-agent=transport=dt_socket,embedding=1,server=y,suspend=n,address=127.0.0.1:56200
Begin MonoManager ReloadAssembly
Registering precompiled unity dll's ...
Register platform support module: C:/Program Files/Unity/Hub/Editor/2022.1.14f1/Editor/Data/PlaybackEngines/iOSSupport/UnityEditor.iOS.Extensions.dll
Register platform support module: C:/Program Files/Unity/Hub/Editor/2022.1.14f1/Editor/Data/PlaybackEngines/WindowsStandaloneSupport/UnityEditor.WindowsStandalone.Extensions.dll
Registered in 0.007904 seconds.
Native extension for WindowsStandalone target not found
Native extension for iOS target not found
Refreshing native plugins compatible for Editor in 87.80 ms, found 11 plugins.
Preloading 1 native plugins for Editor in 0.05 ms.
Mono: successfully reloaded assembly
- Completed reload, in  0.696 seconds
Domain Reload Profiling:
	ReloadAssembly (697ms)
		BeginReloadAssembly (75ms)
			ExecutionOrderSort (0ms)
			DisableScriptedObjects (0ms)
			BackupInstance (0ms)
			ReleaseScriptingObjects (0ms)
			CreateAndSetChildDomain (1ms)
		EndReloadAssembly (509ms)
			LoadAssemblies (73ms)
			RebuildTransferFunctionScriptingTraits (0ms)
			SetupTypeCache (134ms)
				TypeCache.Initialize (134ms)
					TypeCache.ScanAssembly (132ms)
				ResolveRequiredComponents (0ms)
			ReleaseScriptCaches (0ms)
			RebuildScriptCaches (29ms)
			SetupLoadedEditorAssemblies (286ms)
				LogAssemblyErrors (0ms)
				InitializePlatformSupportModulesInManaged (26ms)
				SetLoadedEditorAssemblies (7ms)
				RefreshPlugins (88ms)
				BeforeProcessingInitializeOnLoad (1ms)
				ProcessInitializeOnLoadAttributes (123ms)
				ProcessInitializeOnLoadMethodAttributes (41ms)
				AfterProcessingInitializeOnLoad (0ms)
				EditorAssembliesLoaded (0ms)
			ExecutionOrderSort2 (0ms)
			AwakeInstancesAfterBackupRestoration (0ms)
Platform modules already initialized, skipping
Registering precompiled user dll's ...
Registered in 0.007331 seconds.
Begin MonoManager ReloadAssembly
Native extension for WindowsStandalone target not found
Native extension for iOS target not found
Refreshing native plugins compatible for Editor in 98.04 ms, found 11 plugins.
Preloading 1 native plugins for Editor in 0.06 ms.
Package Manager log level set to [2]
[Package Manager] Server::EnsureServerProcessIsRunning -- launch failed, reason: Unity was launched with the -noUpm command-line argument
[Package Manager] UpmClient::Send -- Unable to send message (not connected to UPM process).
[Package Manager] Cannot connect to Unity Package Manager local server
System.Reflection.TargetInvocationException: Exception has been thrown by the target of an invocation. ---> System.NullReferenceException: Object reference not set to an instance of an object
  at Unity.XR.Oculus.OculusLoader.AssetPathToAbsolutePath (System.String assetPath) [0x0003d] in D:\Folders\EducationalGames\vrkottabos\KottabosVR\Library\PackageCache\com.unity.xr.oculus@3.0.2\Runtime\OculusLoader.cs:271 
  at Unity.XR.Oculus.OculusLoader.EditorLoadOVRPlugin () [0x0007b] in D:\Folders\EducationalGames\vrkottabos\KottabosVR\Library\PackageCache\com.unity.xr.oculus@3.0.2\Runtime\OculusLoader.cs:256 
  at (wrapper managed-to-native) System.Reflection.RuntimeMethodInfo.InternalInvoke(System.Reflection.RuntimeMethodInfo,object,object[],System.Exception&)
  at System.Reflection.RuntimeMethodInfo.Invoke (System.Object obj, System.Reflection.BindingFlags invokeAttr, System.Reflection.Binder binder, System.Object[] parameters, System.Globalization.CultureInfo culture) [0x0006a] in <f3aec01a34d14c7080754e28743c8472>:0 
   --- End of inner exception stack trace ---
  at System.Reflection.RuntimeMethodInfo.Invoke (System.Object obj, System.Reflection.BindingFlags invokeAttr, System.Reflection.Binder binder, System.Object[] parameters, System.Globalization.CultureInfo culture) [0x00083] in <f3aec01a34d14c7080754e28743c8472>:0 
  at System.Reflection.MethodBase.Invoke (System.Object obj, System.Object[] parameters) [0x00000] in <f3aec01a34d14c7080754e28743c8472>:0 
  at UnityEditor.EditorAssemblies.ProcessInitializeOnLoadMethodAttributes () [0x000a5] in <f90799373c314538a0c910377078306d>:0 
UnityEngine.StackTraceUtility:ExtractStackTrace ()
UnityEngine.DebugLogHandler:LogFormat (UnityEngine.LogType,UnityEngine.Object,string,object[])
UnityEngine.Logger:Log (UnityEngine.LogType,object)
UnityEngine.Debug:LogError (object)
UnityEditor.EditorAssemblies:ProcessInitializeOnLoadMethodAttributes ()

Mono: successfully reloaded assembly
[Package Manager] Server::EnsureServerProcessIsRunning -- launch failed, reason: Unity was launched with the -noUpm command-line argument
[Package Manager] UpmClient::Send -- Unable to send message (not connected to UPM process).
[Package Manager] Cannot connect to Unity Package Manager local server
[Package Manager] Server::EnsureServerProcessIsRunning -- launch failed, reason: Unity was launched with the -noUpm command-line argument
[Package Manager] UpmClient::Send -- Unable to send message (not connected to UPM process).
[Package Manager] Cannot connect to Unity Package Manager local server
- Completed reload, in  1.304 seconds
Domain Reload Profiling:
	ReloadAssembly (1305ms)
		BeginReloadAssembly (110ms)
			ExecutionOrderSort (0ms)
			DisableScriptedObjects (5ms)
			BackupInstance (0ms)
			ReleaseScriptingObjects (0ms)
			CreateAndSetChildDomain (18ms)
		EndReloadAssembly (1084ms)
			LoadAssemblies (80ms)
			RebuildTransferFunctionScriptingTraits (0ms)
			SetupTypeCache (299ms)
				TypeCache.Initialize (294ms)
					TypeCache.ScanAssembly (289ms)
				ResolveRequiredComponents (5ms)
			ReleaseScriptCaches (1ms)
			RebuildScriptCaches (62ms)
			SetupLoadedEditorAssemblies (578ms)
				LogAssemblyErrors (0ms)
				InitializePlatformSupportModulesInManaged (22ms)
				SetLoadedEditorAssemblies (7ms)
				RefreshPlugins (98ms)
				BeforeProcessingInitializeOnLoad (101ms)
				ProcessInitializeOnLoadAttributes (303ms)
				ProcessInitializeOnLoadMethodAttributes (39ms)
				AfterProcessingInitializeOnLoad (8ms)
				EditorAssembliesLoaded (0ms)
			ExecutionOrderSort2 (0ms)
			AwakeInstancesAfterBackupRestoration (5ms)
Platform modules already initialized, skipping
========================================================================
Worker process is ready to serve import requests
Launched and connected shader compiler UnityShaderCompiler.exe after 0.04 seconds
Refreshing native plugins compatible for Editor in 1.23 ms, found 11 plugins.
Preloading 1 native plugins for Editor in 0.08 ms.
Unloading 4243 Unused Serialized files (Serialized files now loaded: 0)
Unloading 48 unused Assets / (59.3 KB). Loaded Objects now: 4687.
Memory consumption went from 0.63 GB to 0.63 GB.
Total: 3.737400 ms (FindLiveObjects: 0.424500 ms CreateObjectMapping: 0.386800 ms MarkObjects: 2.846700 ms  DeleteObjects: 0.078500 ms)

AssetImportParameters requested are different than current active one (requested -> active):
  custom:video-decoder-ogg-theora: a1e56fd34408186e4bbccfd4996cb3dc -> 
  custom:container-muxer-webm: aa71ff27fc2769a1b78a27578f13a17b -> 
  custom:container-demuxer-webm: 4f35f7cbe854078d1ac9338744f61a02 -> 
  custom:video-encoder-webm-vp8: eb34c28f22e8b96e1ab97ce403110664 -> 
  custom:audio-encoder-webm-vorbis: bf7c407c2cedff20999df2af8eb42d56 -> 
  custom:framework-win-MediaFoundation: 216162199b28c13a410421893ffa2e32 -> 
  custom:container-demuxer-ogg: 62fdf1f143b41e24485cea50d1cbac27 -> 
  custom:video-decoder-webm-vp8: 9c59270c3fd7afecdb556c50c9e8de78 -> 
  custom:audio-decoder-ogg-vorbis: bf7c407c2cedff20999df2af8eb42d56 -> 
========================================================================
Received Import Request.
  Time since last request: 348880.190562 seconds.
  path: Assets/Samples/XR Interaction Toolkit/2.0.3/Starter Assets/XRI Default Input Actions.inputactions
  artifactKey: Guid(c348712bda248c246b8c49b3db54643f) Importer(815301076,1909f56bfc062723c751e8b465ee728b)
Start importing Assets/Samples/XR Interaction Toolkit/2.0.3/Starter Assets/XRI Default Input Actions.inputactions using Guid(c348712bda248c246b8c49b3db54643f) Importer(815301076,1909f56bfc062723c751e8b465ee728b)  -> (artifact id: '578dfa7c9996acb2cfb455e7d6e7cde1') in 0.045685 seconds 
========================================================================
Received Import Request.
  Time since last request: 127.231929 seconds.
  path: Assets
  artifactKey: Guid(00000000000000001000000000000000) Importer(815301076,1909f56bfc062723c751e8b465ee728b)
Start importing Assets using Guid(00000000000000001000000000000000) Importer(815301076,1909f56bfc062723c751e8b465ee728b)  -> (artifact id: '6e8165099f8bfd50797b2ebe9f8b211b') in 0.376954 seconds 
========================================================================
Received Import Request.
  Time since last request: 7.839799 seconds.
  path: Assets/Materials.mat
  artifactKey: Guid(873fd048c2c1d0541bce1b7778a5f0e1) Importer(815301076,1909f56bfc062723c751e8b465ee728b)
Start importing Assets/Materials.mat using Guid(873fd048c2c1d0541bce1b7778a5f0e1) Importer(815301076,1909f56bfc062723c751e8b465ee728b)  -> (artifact id: '64bd066149f43fe095a1112725904210') in 0.298377 seconds 
========================================================================
Received Import Request.
  Time since last request: 13.703736 seconds.
  path: Assets/Materials
  artifactKey: Guid(382e52ddcd02e88418d7c8bff3e39032) Importer(815301076,1909f56bfc062723c751e8b465ee728b)
Start importing Assets/Materials using Guid(382e52ddcd02e88418d7c8bff3e39032) Importer(815301076,1909f56bfc062723c751e8b465ee728b)  -> (artifact id: '46e6759d68ff07b4283be49b53096537') in 0.025666 seconds 
========================================================================
Received Import Request.
  Time since last request: 12.975417 seconds.
  path: Assets/Materials/Hand.mat
  artifactKey: Guid(6d99ed3a012dbc540923b00c2664999f) Importer(815301076,1909f56bfc062723c751e8b465ee728b)
Start importing Assets/Materials/Hand.mat using Guid(6d99ed3a012dbc540923b00c2664999f) Importer(815301076,1909f56bfc062723c751e8b465ee728b)  -> (artifact id: '5c48c9e397697199183420f7683c5e33') in 0.020865 seconds 
========================================================================
Received Import Request.
  Time since last request: 4.609879 seconds.
  path: Assets/Materials/Hand 1.mat
  artifactKey: Guid(0bff95ffd2ce3ad4f8e1bc95657978e7) Importer(815301076,1909f56bfc062723c751e8b465ee728b)
Start importing Assets/Materials/Hand 1.mat using Guid(0bff95ffd2ce3ad4f8e1bc95657978e7) Importer(815301076,1909f56bfc062723c751e8b465ee728b)  -> (artifact id: '0c89466ffc6c664a529ff67d6ef5b6fb') in 0.016573 seconds 
========================================================================
Received Import Request.
  Time since last request: 1.673093 seconds.
  path: Assets/Materials/Hand 2.mat
  artifactKey: Guid(9287fa9caef2c244aa8f1d1887b4e775) Importer(815301076,1909f56bfc062723c751e8b465ee728b)
Start importing Assets/Materials/Hand 2.mat using Guid(9287fa9caef2c244aa8f1d1887b4e775) Importer(815301076,1909f56bfc062723c751e8b465ee728b)  -> (artifact id: '5744052e284e06ed7eaaf5ef0dea9465') in 0.020613 seconds 
========================================================================
Received Import Request.
  Time since last request: 2.141489 seconds.
  path: Assets/Materials/Hand 3.mat
  artifactKey: Guid(a9d30404d6e5f4047a999a4b0a92216c) Importer(815301076,1909f56bfc062723c751e8b465ee728b)
Start importing Assets/Materials/Hand 3.mat using Guid(a9d30404d6e5f4047a999a4b0a92216c) Importer(815301076,1909f56bfc062723c751e8b465ee728b)  -> (artifact id: '53d3831485653b0d2df6de52f6ede373') in 0.021626 seconds 
========================================================================
Received Import Request.
  Time since last request: 1.944369 seconds.
  path: Assets/Materials/Hand 4.mat
  artifactKey: Guid(f140a76adfa6fde45938e92d420a8db7) Importer(815301076,1909f56bfc062723c751e8b465ee728b)
Start importing Assets/Materials/Hand 4.mat using Guid(f140a76adfa6fde45938e92d420a8db7) Importer(815301076,1909f56bfc062723c751e8b465ee728b)  -> (artifact id: '6dcb8653609cfc75ac2584f003590c82') in 0.015290 seconds 
========================================================================
Received Import Request.
  Time since last request: 8.443268 seconds.
  path: Assets/Materials/Desk.mat
  artifactKey: Guid(0bff95ffd2ce3ad4f8e1bc95657978e7) Importer(815301076,1909f56bfc062723c751e8b465ee728b)
Start importing Assets/Materials/Desk.mat using Guid(0bff95ffd2ce3ad4f8e1bc95657978e7) Importer(815301076,1909f56bfc062723c751e8b465ee728b)  -> (artifact id: '953a25e22b6362f1f7f87c7dd0b82579') in 0.074544 seconds 
========================================================================
Received Import Request.
  Time since last request: 5.640232 seconds.
  path: Assets/Materials/Grabbable.mat
  artifactKey: Guid(9287fa9caef2c244aa8f1d1887b4e775) Importer(815301076,1909f56bfc062723c751e8b465ee728b)
Start importing Assets/Materials/Grabbable.mat using Guid(9287fa9caef2c244aa8f1d1887b4e775) Importer(815301076,1909f56bfc062723c751e8b465ee728b)  -> (artifact id: '3bbf78c37745e299ddcf168931de4382') in 0.371609 seconds 
========================================================================
Received Import Request.
  Time since last request: 9.212699 seconds.
  path: Assets/Materials/Not Grabbable.mat
  artifactKey: Guid(a9d30404d6e5f4047a999a4b0a92216c) Importer(815301076,1909f56bfc062723c751e8b465ee728b)
Start importing Assets/Materials/Not Grabbable.mat using Guid(a9d30404d6e5f4047a999a4b0a92216c) Importer(815301076,1909f56bfc062723c751e8b465ee728b)  -> (artifact id: 'ec77d4eeab32aa0c5d17a22a75a52ed3') in 0.255545 seconds 
========================================================================
Received Import Request.
  Time since last request: 12.173924 seconds.
  path: Assets/Materials/Highlighted.mat
  artifactKey: Guid(f140a76adfa6fde45938e92d420a8db7) Importer(815301076,1909f56bfc062723c751e8b465ee728b)
Start importing Assets/Materials/Highlighted.mat using Guid(f140a76adfa6fde45938e92d420a8db7) Importer(815301076,1909f56bfc062723c751e8b465ee728b)  -> (artifact id: '678c34619c4726c51ffc6e4e4f9902d9') in 1.059962 seconds 
========================================================================
Received Import Request.
  Time since last request: 162.103019 seconds.
  path: Assets/XR/Settings/OpenXR Package Settings.asset
  artifactKey: Guid(e5f539644581dac428b689529e4eabd4) Importer(815301076,1909f56bfc062723c751e8b465ee728b)
Start importing Assets/XR/Settings/OpenXR Package Settings.asset using Guid(e5f539644581dac428b689529e4eabd4) Importer(815301076,1909f56bfc062723c751e8b465ee728b)  -> (artifact id: '97bffa57d4b69de395e8ada6bb62fb75') in 0.016936 seconds 
========================================================================
Received Import Request.
  Time since last request: 0.000263 seconds.
  path: Assets/XR/Loaders/Oculus Loader.asset
  artifactKey: Guid(735b7536fd6da7844b9294183c8ff5a0) Importer(815301076,1909f56bfc062723c751e8b465ee728b)
Start importing Assets/XR/Loaders/Oculus Loader.asset using Guid(735b7536fd6da7844b9294183c8ff5a0) Importer(815301076,1909f56bfc062723c751e8b465ee728b)  -> (artifact id: 'b4bffc504cb5ba82ef8aa001016e14ce') in 0.089561 seconds 
========================================================================
Received Import Request.
  Time since last request: 0.000023 seconds.
  path: Assets/XR/Settings/OpenXR Editor Settings.asset
  artifactKey: Guid(09843a15c58038347a3ec7ead7eaa9cc) Importer(815301076,1909f56bfc062723c751e8b465ee728b)
Start importing Assets/XR/Settings/OpenXR Editor Settings.asset using Guid(09843a15c58038347a3ec7ead7eaa9cc) Importer(815301076,1909f56bfc062723c751e8b465ee728b)  -> (artifact id: 'c49a8ddf3ca89e973a16aa7abef57c02') in 0.010019 seconds 
Editor requested this worker to shutdown with reason: Scaling down because of idle timeout
AssetImportWorker is now disconnected from the server
Process exiting
Exiting without the bug reporter. Application will terminate with return code 0